C:\Program Files (x86)\Microsoft Visual Studio\2019\Enterprise\MSBuild\Microsoft\VC\v160\Microsoft.CppBuild.targets(504,5): warning MSB8004: Intermediate Directory does not end with a trailing slash.  This build instance will add the slash as it is required to allow proper evaluation of the Intermediate Directory.
C:\Program Files (x86)\Microsoft Visual Studio\2019\Enterprise\MSBuild\Microsoft\VC\v160\Microsoft.CppBuild.targets(505,5): warning MSB8004: Output Directory does not end with a trailing slash.  This build instance will add the slash as it is required to allow proper evaluation of the Output Directory.
  Main.cpp
C:\Users\Bogdan Strohonov\Desktop\SpaceGame\SpaceGame\common\include\nautilus\Base.h(298,29): warning C4244: 'return': conversion from '_Rep' to 'double', possible loss of data
          with
          [
              _Rep=__int64
          ]
C:\Users\Bogdan Strohonov\Desktop\SpaceGame\SpaceGame\SpaceGame_Client\Main.h(112,1): warning C4267: 'initializing': conversion from 'size_t' to 'int', possible loss of data
C:\Users\Bogdan Strohonov\Desktop\SpaceGame\SpaceGame\common\include\nautilus\common\include\gainput\GainputContainers.h(322,1): warning C4267: '=': conversion from 'size_t' to 'T', possible loss of data
          with
          [
              T=gainput::uint32_t
          ]
C:\Users\Bogdan Strohonov\Desktop\SpaceGame\SpaceGame\common\include\nautilus\common\include\gainput\GainputContainers.h(309): message : while compiling class template member function 'gainput::HashMap<gainput::DeviceId,bool>::Node *gainput::HashMap<gainput::DeviceId,bool>::insert(const K &,const V &)'
          with
          [
              K=gainput::DeviceId,
              V=bool
          ]
C:\Users\Bogdan Strohonov\Desktop\SpaceGame\SpaceGame\common\include\nautilus\common\include\gainput\GainputContainers.h(356): message : see reference to function template instantiation 'gainput::HashMap<gainput::DeviceId,bool>::Node *gainput::HashMap<gainput::DeviceId,bool>::insert(const K &,const V &)' being compiled
          with
          [
              K=gainput::DeviceId,
              V=bool
          ]
C:\Users\Bogdan Strohonov\Desktop\SpaceGame\SpaceGame\common\include\nautilus\common\include\gainput\recorder\GainputInputRecorder.h(64): message : see reference to class template instantiation 'gainput::HashMap<gainput::DeviceId,bool>' being compiled
C:\Users\Bogdan Strohonov\Desktop\SpaceGame\SpaceGame\common\include\nautilus\common\include\gainput\GainputContainers.h(330,1): warning C4267: '=': conversion from 'size_t' to 'gainput::uint32_t', possible loss of data
C:\Users\Bogdan Strohonov\Desktop\SpaceGame\SpaceGame\common\include\nautilus\common\include\olcPGEX_Network.h(145,1): warning C4267: '=': conversion from 'size_t' to 'uint32_t', possible loss of data
C:\Users\Bogdan Strohonov\Desktop\SpaceGame\SpaceGame\SpaceGame_Client\Main.cpp(95): message : see reference to function template instantiation 'olc::net::message<T> &olc::net::operator <<<nautilus::network::PlayerDescription>(olc::net::message<T> &,const DataType &)' being compiled
          with
          [
              T=nautilus::network::NetMsg,
              DataType=nautilus::network::PlayerDescription
          ]
C:\Users\Bogdan Strohonov\Desktop\SpaceGame\SpaceGame\SpaceGame_Client\Main.cpp(95): message : see reference to function template instantiation 'olc::net::message<T> &olc::net::operator <<<nautilus::network::PlayerDescription>(olc::net::message<T> &,const DataType &)' being compiled
          with
          [
              T=nautilus::network::NetMsg,
              DataType=nautilus::network::PlayerDescription
          ]
C:\Users\Bogdan Strohonov\Desktop\SpaceGame\SpaceGame\common\include\nautilus\common\include\olcPGEX_Network.h(168,1): warning C4267: '=': conversion from 'size_t' to 'uint32_t', possible loss of data
C:\Users\Bogdan Strohonov\Desktop\SpaceGame\SpaceGame\SpaceGame_Client\Main.cpp(105): message : see reference to function template instantiation 'olc::net::message<T> &olc::net::operator >><uint32_t>(olc::net::message<T> &,DataType &)' being compiled
          with
          [
              T=nautilus::network::NetMsg,
              DataType=uint32_t
          ]
C:\Users\Bogdan Strohonov\Desktop\SpaceGame\SpaceGame\SpaceGame_Client\Main.cpp(105): message : see reference to function template instantiation 'olc::net::message<T> &olc::net::operator >><uint32_t>(olc::net::message<T> &,DataType &)' being compiled
          with
          [
              T=nautilus::network::NetMsg,
              DataType=uint32_t
          ]
     Creating library C:\Users\Bogdan Strohonov\Desktop\SpaceGame\SpaceGame\\SpaceGame_Client\bin\Debug-x64\SpaceGame_Client\SpaceGame_Client.lib and object C:\Users\Bogdan Strohonov\Desktop\SpaceGame\SpaceGame\\SpaceGame_Client\bin\Debug-x64\SpaceGame_Client\SpaceGame_Client.exp
Engine.lib(tag.obj) : warning LNK4099: PDB 'yaml-cpp static.pdb' was not found with 'Engine.lib(tag.obj)' or at 'C:\Users\Bogdan Strohonov\Desktop\SpaceGame\SpaceGame\SpaceGame_Client\bin\Debug-x64\SpaceGame_Client\yaml-cpp static.pdb'; linking object as if no debug info
Engine.lib(stream.obj) : warning LNK4099: PDB 'yaml-cpp static.pdb' was not found with 'Engine.lib(stream.obj)' or at 'C:\Users\Bogdan Strohonov\Desktop\SpaceGame\SpaceGame\SpaceGame_Client\bin\Debug-x64\SpaceGame_Client\yaml-cpp static.pdb'; linking object as if no debug info
Engine.lib(singledocparser.obj) : warning LNK4099: PDB 'yaml-cpp static.pdb' was not found with 'Engine.lib(singledocparser.obj)' or at 'C:\Users\Bogdan Strohonov\Desktop\SpaceGame\SpaceGame\SpaceGame_Client\bin\Debug-x64\SpaceGame_Client\yaml-cpp static.pdb'; linking object as if no debug info
Engine.lib(simplekey.obj) : warning LNK4099: PDB 'yaml-cpp static.pdb' was not found with 'Engine.lib(simplekey.obj)' or at 'C:\Users\Bogdan Strohonov\Desktop\SpaceGame\SpaceGame\SpaceGame_Client\bin\Debug-x64\SpaceGame_Client\yaml-cpp static.pdb'; linking object as if no debug info
Engine.lib(scantoken.obj) : warning LNK4099: PDB 'yaml-cpp static.pdb' was not found with 'Engine.lib(scantoken.obj)' or at 'C:\Users\Bogdan Strohonov\Desktop\SpaceGame\SpaceGame\SpaceGame_Client\bin\Debug-x64\SpaceGame_Client\yaml-cpp static.pdb'; linking object as if no debug info
Engine.lib(scantag.obj) : warning LNK4099: PDB 'yaml-cpp static.pdb' was not found with 'Engine.lib(scantag.obj)' or at 'C:\Users\Bogdan Strohonov\Desktop\SpaceGame\SpaceGame\SpaceGame_Client\bin\Debug-x64\SpaceGame_Client\yaml-cpp static.pdb'; linking object as if no debug info
Engine.lib(scanscalar.obj) : warning LNK4099: PDB 'yaml-cpp static.pdb' was not found with 'Engine.lib(scanscalar.obj)' or at 'C:\Users\Bogdan Strohonov\Desktop\SpaceGame\SpaceGame\SpaceGame_Client\bin\Debug-x64\SpaceGame_Client\yaml-cpp static.pdb'; linking object as if no debug info
Engine.lib(scanner.obj) : warning LNK4099: PDB 'yaml-cpp static.pdb' was not found with 'Engine.lib(scanner.obj)' or at 'C:\Users\Bogdan Strohonov\Desktop\SpaceGame\SpaceGame\SpaceGame_Client\bin\Debug-x64\SpaceGame_Client\yaml-cpp static.pdb'; linking object as if no debug info
Engine.lib(regex_yaml.obj) : warning LNK4099: PDB '' was not found with 'Engine.lib(regex_yaml.obj)' or at ''; linking object as if no debug info
Engine.lib(parser.obj) : warning LNK4099: PDB 'yaml-cpp static.pdb' was not found with 'Engine.lib(parser.obj)' or at 'C:\Users\Bogdan Strohonov\Desktop\SpaceGame\SpaceGame\SpaceGame_Client\bin\Debug-x64\SpaceGame_Client\yaml-cpp static.pdb'; linking object as if no debug info
Engine.lib(parse.obj) : warning LNK4099: PDB '' was not found with 'Engine.lib(parse.obj)' or at ''; linking object as if no debug info
Engine.lib(ostream_wrapper.obj) : warning LNK4099: PDB 'yaml-cpp static.pdb' was not found with 'Engine.lib(ostream_wrapper.obj)' or at 'C:\Users\Bogdan Strohonov\Desktop\SpaceGame\SpaceGame\SpaceGame_Client\bin\Debug-x64\SpaceGame_Client\yaml-cpp static.pdb'; linking object as if no debug info
Engine.lib(null.obj) : warning LNK4099: PDB 'yaml-cpp static.pdb' was not found with 'Engine.lib(null.obj)' or at 'C:\Users\Bogdan Strohonov\Desktop\SpaceGame\SpaceGame\SpaceGame_Client\bin\Debug-x64\SpaceGame_Client\yaml-cpp static.pdb'; linking object as if no debug info
Engine.lib(nodebuilder.obj) : warning LNK4099: PDB 'yaml-cpp static.pdb' was not found with 'Engine.lib(nodebuilder.obj)' or at 'C:\Users\Bogdan Strohonov\Desktop\SpaceGame\SpaceGame\SpaceGame_Client\bin\Debug-x64\SpaceGame_Client\yaml-cpp static.pdb'; linking object as if no debug info
Engine.lib(node_data.obj) : warning LNK4099: PDB 'yaml-cpp static.pdb' was not found with 'Engine.lib(node_data.obj)' or at 'C:\Users\Bogdan Strohonov\Desktop\SpaceGame\SpaceGame\SpaceGame_Client\bin\Debug-x64\SpaceGame_Client\yaml-cpp static.pdb'; linking object as if no debug info
Engine.lib(memory.obj) : warning LNK4099: PDB 'yaml-cpp static.pdb' was not found with 'Engine.lib(memory.obj)' or at 'C:\Users\Bogdan Strohonov\Desktop\SpaceGame\SpaceGame\SpaceGame_Client\bin\Debug-x64\SpaceGame_Client\yaml-cpp static.pdb'; linking object as if no debug info
Engine.lib(exp.obj) : warning LNK4099: PDB 'yaml-cpp static.pdb' was not found with 'Engine.lib(exp.obj)' or at 'C:\Users\Bogdan Strohonov\Desktop\SpaceGame\SpaceGame\SpaceGame_Client\bin\Debug-x64\SpaceGame_Client\yaml-cpp static.pdb'; linking object as if no debug info
Engine.lib(exceptions.obj) : warning LNK4099: PDB 'yaml-cpp static.pdb' was not found with 'Engine.lib(exceptions.obj)' or at 'C:\Users\Bogdan Strohonov\Desktop\SpaceGame\SpaceGame\SpaceGame_Client\bin\Debug-x64\SpaceGame_Client\yaml-cpp static.pdb'; linking object as if no debug info
Engine.lib(emitterutils.obj) : warning LNK4099: PDB 'yaml-cpp static.pdb' was not found with 'Engine.lib(emitterutils.obj)' or at 'C:\Users\Bogdan Strohonov\Desktop\SpaceGame\SpaceGame\SpaceGame_Client\bin\Debug-x64\SpaceGame_Client\yaml-cpp static.pdb'; linking object as if no debug info
Engine.lib(emitterstate.obj) : warning LNK4099: PDB 'yaml-cpp static.pdb' was not found with 'Engine.lib(emitterstate.obj)' or at 'C:\Users\Bogdan Strohonov\Desktop\SpaceGame\SpaceGame\SpaceGame_Client\bin\Debug-x64\SpaceGame_Client\yaml-cpp static.pdb'; linking object as if no debug info
Engine.lib(emitter.obj) : warning LNK4099: PDB 'yaml-cpp static.pdb' was not found with 'Engine.lib(emitter.obj)' or at 'C:\Users\Bogdan Strohonov\Desktop\SpaceGame\SpaceGame\SpaceGame_Client\bin\Debug-x64\SpaceGame_Client\yaml-cpp static.pdb'; linking object as if no debug info
Engine.lib(directives.obj) : warning LNK4099: PDB 'yaml-cpp static.pdb' was not found with 'Engine.lib(directives.obj)' or at 'C:\Users\Bogdan Strohonov\Desktop\SpaceGame\SpaceGame\SpaceGame_Client\bin\Debug-x64\SpaceGame_Client\yaml-cpp static.pdb'; linking object as if no debug info
Engine.lib(depthguard.obj) : warning LNK4099: PDB 'yaml-cpp static.pdb' was not found with 'Engine.lib(depthguard.obj)' or at 'C:\Users\Bogdan Strohonov\Desktop\SpaceGame\SpaceGame\SpaceGame_Client\bin\Debug-x64\SpaceGame_Client\yaml-cpp static.pdb'; linking object as if no debug info
Engine.lib(convert.obj) : warning LNK4099: PDB 'yaml-cpp static.pdb' was not found with 'Engine.lib(convert.obj)' or at 'C:\Users\Bogdan Strohonov\Desktop\SpaceGame\SpaceGame\SpaceGame_Client\bin\Debug-x64\SpaceGame_Client\yaml-cpp static.pdb'; linking object as if no debug info
Engine.lib(binary.obj) : warning LNK4099: PDB 'yaml-cpp static.pdb' was not found with 'Engine.lib(binary.obj)' or at 'C:\Users\Bogdan Strohonov\Desktop\SpaceGame\SpaceGame\SpaceGame_Client\bin\Debug-x64\SpaceGame_Client\yaml-cpp static.pdb'; linking object as if no debug info
Engine.lib(osmesa_context.obj) : warning LNK4099: PDB 'glfw.pdb' was not found with 'Engine.lib(osmesa_context.obj)' or at 'C:\Users\Bogdan Strohonov\Desktop\SpaceGame\SpaceGame\SpaceGame_Client\bin\Debug-x64\SpaceGame_Client\glfw.pdb'; linking object as if no debug info
Engine.lib(egl_context.obj) : warning LNK4099: PDB 'glfw.pdb' was not found with 'Engine.lib(egl_context.obj)' or at 'C:\Users\Bogdan Strohonov\Desktop\SpaceGame\SpaceGame\SpaceGame_Client\bin\Debug-x64\SpaceGame_Client\glfw.pdb'; linking object as if no debug info
Engine.lib(wgl_context.obj) : warning LNK4099: PDB 'glfw.pdb' was not found with 'Engine.lib(wgl_context.obj)' or at 'C:\Users\Bogdan Strohonov\Desktop\SpaceGame\SpaceGame\SpaceGame_Client\bin\Debug-x64\SpaceGame_Client\glfw.pdb'; linking object as if no debug info
Engine.lib(win32_window.obj) : warning LNK4099: PDB 'glfw.pdb' was not found with 'Engine.lib(win32_window.obj)' or at 'C:\Users\Bogdan Strohonov\Desktop\SpaceGame\SpaceGame\SpaceGame_Client\bin\Debug-x64\SpaceGame_Client\glfw.pdb'; linking object as if no debug info
Engine.lib(win32_thread.obj) : warning LNK4099: PDB 'glfw.pdb' was not found with 'Engine.lib(win32_thread.obj)' or at 'C:\Users\Bogdan Strohonov\Desktop\SpaceGame\SpaceGame\SpaceGame_Client\bin\Debug-x64\SpaceGame_Client\glfw.pdb'; linking object as if no debug info
Engine.lib(win32_time.obj) : warning LNK4099: PDB '' was not found with 'Engine.lib(win32_time.obj)' or at ''; linking object as if no debug info
Engine.lib(win32_monitor.obj) : warning LNK4099: PDB 'glfw.pdb' was not found with 'Engine.lib(win32_monitor.obj)' or at 'C:\Users\Bogdan Strohonov\Desktop\SpaceGame\SpaceGame\SpaceGame_Client\bin\Debug-x64\SpaceGame_Client\glfw.pdb'; linking object as if no debug info
Engine.lib(win32_joystick.obj) : warning LNK4099: PDB 'glfw.pdb' was not found with 'Engine.lib(win32_joystick.obj)' or at 'C:\Users\Bogdan Strohonov\Desktop\SpaceGame\SpaceGame\SpaceGame_Client\bin\Debug-x64\SpaceGame_Client\glfw.pdb'; linking object as if no debug info
Engine.lib(win32_init.obj) : warning LNK4099: PDB 'glfw.pdb' was not found with 'Engine.lib(win32_init.obj)' or at 'C:\Users\Bogdan Strohonov\Desktop\SpaceGame\SpaceGame\SpaceGame_Client\bin\Debug-x64\SpaceGame_Client\glfw.pdb'; linking object as if no debug info
Engine.lib(window.obj) : warning LNK4099: PDB 'glfw.pdb' was not found with 'Engine.lib(window.obj)' or at 'C:\Users\Bogdan Strohonov\Desktop\SpaceGame\SpaceGame\SpaceGame_Client\bin\Debug-x64\SpaceGame_Client\glfw.pdb'; linking object as if no debug info
Engine.lib(vulkan.obj) : warning LNK4099: PDB 'glfw.pdb' was not found with 'Engine.lib(vulkan.obj)' or at 'C:\Users\Bogdan Strohonov\Desktop\SpaceGame\SpaceGame\SpaceGame_Client\bin\Debug-x64\SpaceGame_Client\glfw.pdb'; linking object as if no debug info
Engine.lib(monitor.obj) : warning LNK4099: PDB 'glfw.pdb' was not found with 'Engine.lib(monitor.obj)' or at 'C:\Users\Bogdan Strohonov\Desktop\SpaceGame\SpaceGame\SpaceGame_Client\bin\Debug-x64\SpaceGame_Client\glfw.pdb'; linking object as if no debug info
Engine.lib(input.obj) : warning LNK4099: PDB 'glfw.pdb' was not found with 'Engine.lib(input.obj)' or at 'C:\Users\Bogdan Strohonov\Desktop\SpaceGame\SpaceGame\SpaceGame_Client\bin\Debug-x64\SpaceGame_Client\glfw.pdb'; linking object as if no debug info
Engine.lib(init.obj) : warning LNK4099: PDB '' was not found with 'Engine.lib(init.obj)' or at ''; linking object as if no debug info
Engine.lib(context.obj) : warning LNK4099: PDB 'glfw.pdb' was not found with 'Engine.lib(context.obj)' or at 'C:\Users\Bogdan Strohonov\Desktop\SpaceGame\SpaceGame\SpaceGame_Client\bin\Debug-x64\SpaceGame_Client\glfw.pdb'; linking object as if no debug info
  SpaceGame_Client.vcxproj -> C:\Users\Bogdan Strohonov\Desktop\SpaceGame\SpaceGame\SpaceGame_Client\bin\Debug-x64\SpaceGame_Client\SpaceGame_Client.exe
